[2023-04-24 03:09:29] Текст ошибки: Возникла ошибка | Файл: /var/www/html/my-framework.loc/public/index.php | Строка: 11
=================
[2023-04-24 03:12:47] Текст ошибки: Undefined variable $erwew | Файл: /var/www/html/my-framework.loc/public/index.php | Строка: 12
=================
[2023-04-24 03:12:49] Текст ошибки: Undefined variable $erwew | Файл: /var/www/html/my-framework.loc/public/index.php | Строка: 12
=================
[2023-04-24 03:14:12] Текст ошибки: Undefined variable $erwew | Файл: /var/www/html/my-framework.loc/public/index.php | Строка: 12
=================
[2023-04-24 03:14:14] Текст ошибки: Undefined variable $erwew | Файл: /var/www/html/my-framework.loc/public/index.php | Строка: 12
=================
[2023-04-24 03:14:47] Текст ошибки: Возникла ошибка | Файл: /var/www/html/my-framework.loc/public/index.php | Строка: 11
=================
[2023-04-24 03:14:49] Текст ошибки: Возникла ошибка | Файл: /var/www/html/my-framework.loc/public/index.php | Строка: 11
=================
[2023-04-24 03:15:04] Текст ошибки: Возникла ошибка | Файл: /var/www/html/my-framework.loc/public/index.php | Строка: 11
=================
[2023-04-24 03:15:12] Текст ошибки: Возникла ошибка | Файл: /var/www/html/my-framework.loc/public/index.php | Строка: 11
=================
[2023-04-24 03:15:17] Текст ошибки: Возникла ошибка | Файл: /var/www/html/my-framework.loc/public/index.php | Строка: 11
=================
[2023-04-24 04:39:15] Текст ошибки: Возникла ошибка | Файл: /var/www/html/my-framework.loc/public/index.php | Строка: 12
=================
[2023-04-24 04:39:29] Текст ошибки: Возникла ошибка | Файл: /var/www/html/my-framework.loc/public/index.php | Строка: 12
=================
[2023-04-24 04:39:40] Текст ошибки: Undefined variable $erwew | Файл: /var/www/html/my-framework.loc/public/index.php | Строка: 13
=================
[2023-04-26 08:03:02] Текст ошибки: Контроллер app\controllers\MainController не найден | Файл: /var/www/html/my-framework.loc/vendor/wfm/Router.php | Строка: 40
=================
[2023-04-26 08:03:02] Текст ошибки: Страница не найдена | Файл: /var/www/html/my-framework.loc/vendor/wfm/Router.php | Строка: 43
=================
[2023-04-26 08:03:23] Текст ошибки: Контроллер app\controllers\MainController не найден | Файл: /var/www/html/my-framework.loc/vendor/wfm/Router.php | Строка: 40
=================
[2023-04-26 08:03:25] Текст ошибки: Контроллер app\controllers\MainController не найден | Файл: /var/www/html/my-framework.loc/vendor/wfm/Router.php | Строка: 40
=================
[2023-04-26 08:03:40] Текст ошибки: Контроллер app\controllers\MainController не найден | Файл: /var/www/html/my-framework.loc/vendor/wfm/Router.php | Строка: 40
=================
[2023-04-26 08:05:56] Текст ошибки: Метод app\controllers\MainController::indexAction не найден | Файл: /var/www/html/my-framework.loc/vendor/wfm/Router.php | Строка: 36
=================
[2023-04-26 08:08:51] Текст ошибки: Контроллер app\controllers\PageController не найден | Файл: /var/www/html/my-framework.loc/vendor/wfm/Router.php | Строка: 40
=================
[2023-04-26 08:09:21] Текст ошибки: Метод app\controllers\PageController::controllerAction не найден | Файл: /var/www/html/my-framework.loc/vendor/wfm/Router.php | Строка: 36
=================
[2023-04-26 08:10:19] Текст ошибки: Метод app\controllers\PageController::controllerAction не найден | Файл: /var/www/html/my-framework.loc/vendor/wfm/Router.php | Строка: 36
=================
[2023-04-26 08:12:03] Текст ошибки: Метод app\controllers\PageController::controllerAction не найден | Файл: /var/www/html/my-framework.loc/vendor/wfm/Router.php | Строка: 36
=================
[2023-04-26 08:12:06] Текст ошибки: Метод app\controllers\PageController::controllerAction не найден | Файл: /var/www/html/my-framework.loc/vendor/wfm/Router.php | Строка: 36
=================
[2023-04-26 08:22:57] Текст ошибки: Метод app\controllers\PageController::controllerAction не найден | Файл: /var/www/html/my-framework.loc/vendor/wfm/Router.php | Строка: 36
=================
[2023-04-26 08:25:46] Текст ошибки: Контроллер app\controllers\pageController не найден | Файл: /var/www/html/my-framework.loc/vendor/wfm/Router.php | Строка: 40
=================
[2023-04-26 08:26:01] Текст ошибки: Метод app\controllers\PageController::controllerAction не найден | Файл: /var/www/html/my-framework.loc/vendor/wfm/Router.php | Строка: 36
=================
[2023-04-26 08:26:49] Текст ошибки: Метод app\controllers\PageController::viewAction не найден | Файл: /var/www/html/my-framework.loc/vendor/wfm/Router.php | Строка: 36
=================
[2023-04-26 08:27:35] Текст ошибки: Контроллер app\controllers\admin\MainController не найден | Файл: /var/www/html/my-framework.loc/vendor/wfm/Router.php | Строка: 40
=================
[2023-04-26 08:28:38] Текст ошибки: Метод app\controllers\admin\MainController::indexAction не найден | Файл: /var/www/html/my-framework.loc/vendor/wfm/Router.php | Строка: 36
=================
[2023-04-26 08:37:58] Текст ошибки: Страница не найдена | Файл: /var/www/html/my-framework.loc/vendor/wfm/Router.php | Строка: 44
=================
[2023-04-27 00:56:31] Текст ошибки: Страница не найдена | Файл: /var/www/html/my-framework.loc/vendor/wfm/Router.php | Строка: 54
=================
[2023-04-27 08:41:59] Текст ошибки: Страница не найдена | Файл: /var/www/html/my-framework.loc/vendor/wfm/Router.php | Строка: 57
=================
[2023-04-29 10:02:14] Текст ошибки: Call to undefined method app\controllers\admin\MainController::getModel() | Файл: /var/www/html/my-framework.loc/vendor/wfm/Router.php | Строка: 45
=================
[2023-04-29 10:02:14] Текст ошибки: Страница не найдена | Файл: /var/www/html/my-framework.loc/vendor/wfm/Router.php | Строка: 57
=================
[2023-04-29 10:02:20] Текст ошибки: Call to undefined method app\controllers\admin\MainController::getModel() | Файл: /var/www/html/my-framework.loc/vendor/wfm/Router.php | Строка: 45
=================
[2023-04-29 10:02:20] Текст ошибки: Call to undefined method app\controllers\admin\MainController::getModel() | Файл: /var/www/html/my-framework.loc/vendor/wfm/Router.php | Строка: 45
=================
[2023-04-29 10:03:15] Текст ошибки: Typed property wfm\Controller::$model must not be accessed before initialization | Файл: /var/www/html/my-framework.loc/app/controllers/MainController.php | Строка: 11
=================
[2023-04-29 10:04:09] Текст ошибки: Typed property wfm\Controller::$model must not be accessed before initialization | Файл: /var/www/html/my-framework.loc/app/controllers/MainController.php | Строка: 11
=================
[2023-04-29 10:04:12] Текст ошибки: Typed property wfm\Controller::$view must not be accessed before initialization | Файл: /var/www/html/my-framework.loc/vendor/wfm/Controller.php | Строка: 28
=================
[2023-04-29 10:04:14] Текст ошибки: Typed property wfm\Controller::$view must not be accessed before initialization | Файл: /var/www/html/my-framework.loc/vendor/wfm/Controller.php | Строка: 28
=================
[2023-04-29 10:11:36] Текст ошибки: Typed property wfm\Controller::$view must not be accessed before initialization | Файл: /var/www/html/my-framework.loc/vendor/wfm/Controller.php | Строка: 28
=================
[2023-04-29 10:11:37] Текст ошибки: Typed property wfm\Controller::$view must not be accessed before initialization | Файл: /var/www/html/my-framework.loc/vendor/wfm/Controller.php | Строка: 28
=================
[2023-04-29 10:11:38] Текст ошибки: Typed property wfm\Controller::$view must not be accessed before initialization | Файл: /var/www/html/my-framework.loc/vendor/wfm/Controller.php | Строка: 28
=================
[2023-04-29 10:11:38] Текст ошибки: Typed property wfm\Controller::$view must not be accessed before initialization | Файл: /var/www/html/my-framework.loc/vendor/wfm/Controller.php | Строка: 28
=================
[2023-04-29 10:11:39] Текст ошибки: Typed property wfm\Controller::$view must not be accessed before initialization | Файл: /var/www/html/my-framework.loc/vendor/wfm/Controller.php | Строка: 28
=================
[2023-04-29 10:12:16] Текст ошибки: Typed property wfm\Controller::$model must not be accessed before initialization | Файл: /var/www/html/my-framework.loc/app/controllers/MainController.php | Строка: 11
=================
[2023-04-29 10:13:26] Текст ошибки: Typed property wfm\Controller::$view must not be accessed before initialization | Файл: /var/www/html/my-framework.loc/vendor/wfm/Controller.php | Строка: 28
=================
[2023-04-29 10:15:50] Текст ошибки: Typed property wfm\Controller::$view must not be accessed before initialization | Файл: /var/www/html/my-framework.loc/vendor/wfm/Controller.php | Строка: 27
=================
[2023-04-29 10:16:41] Текст ошибки: Typed property wfm\Controller::$view must not be accessed before initialization | Файл: /var/www/html/my-framework.loc/vendor/wfm/Controller.php | Строка: 27
=================
[2023-04-29 10:20:20] Текст ошибки: Typed property wfm\Controller::$view must not be accessed before initialization | Файл: /var/www/html/my-framework.loc/vendor/wfm/Controller.php | Строка: 27
=================
[2023-04-29 10:20:21] Текст ошибки: Typed property wfm\Controller::$view must not be accessed before initialization | Файл: /var/www/html/my-framework.loc/vendor/wfm/Controller.php | Строка: 27
=================
[2023-04-29 10:20:22] Текст ошибки: Typed property wfm\Controller::$view must not be accessed before initialization | Файл: /var/www/html/my-framework.loc/vendor/wfm/Controller.php | Строка: 27
=================
[2023-04-29 10:20:23] Текст ошибки: Typed property wfm\Controller::$view must not be accessed before initialization | Файл: /var/www/html/my-framework.loc/vendor/wfm/Controller.php | Строка: 27
=================
[2023-04-29 10:22:43] Текст ошибки: Typed property wfm\Controller::$view must not be accessed before initialization | Файл: /var/www/html/my-framework.loc/vendor/wfm/Controller.php | Строка: 27
=================
[2023-04-29 10:22:45] Текст ошибки: Typed property wfm\Controller::$view must not be accessed before initialization | Файл: /var/www/html/my-framework.loc/vendor/wfm/Controller.php | Строка: 27
=================
[2023-04-29 10:23:03] Текст ошибки: Typed property wfm\Controller::$layout must not be accessed before initialization | Файл: /var/www/html/my-framework.loc/vendor/wfm/Controller.php | Строка: 28
=================
[2023-04-29 10:23:05] Текст ошибки: Typed property wfm\Controller::$layout must not be accessed before initialization | Файл: /var/www/html/my-framework.loc/vendor/wfm/Controller.php | Строка: 28
=================
[2023-04-29 10:23:05] Текст ошибки: Typed property wfm\Controller::$layout must not be accessed before initialization | Файл: /var/www/html/my-framework.loc/vendor/wfm/Controller.php | Строка: 28
=================
[2023-04-29 10:23:05] Текст ошибки: Typed property wfm\Controller::$layout must not be accessed before initialization | Файл: /var/www/html/my-framework.loc/vendor/wfm/Controller.php | Строка: 28
=================
[2023-04-29 10:23:06] Текст ошибки: Typed property wfm\Controller::$layout must not be accessed before initialization | Файл: /var/www/html/my-framework.loc/vendor/wfm/Controller.php | Строка: 28
=================
[2023-04-29 10:24:15] Текст ошибки: Typed property wfm\Controller::$view must not be accessed before initialization | Файл: /var/www/html/my-framework.loc/vendor/wfm/Controller.php | Строка: 27
=================
[2023-04-29 10:24:18] Текст ошибки: Typed property wfm\Controller::$view must not be accessed before initialization | Файл: /var/www/html/my-framework.loc/vendor/wfm/Controller.php | Строка: 27
=================
[2023-04-29 10:24:57] Текст ошибки: Typed property wfm\Controller::$layout must not be accessed before initialization | Файл: /var/www/html/my-framework.loc/vendor/wfm/Controller.php | Строка: 29
=================
[2023-04-29 10:24:58] Текст ошибки: Typed property wfm\Controller::$layout must not be accessed before initialization | Файл: /var/www/html/my-framework.loc/vendor/wfm/Controller.php | Строка: 29
=================
[2023-04-29 10:24:59] Текст ошибки: Typed property wfm\Controller::$layout must not be accessed before initialization | Файл: /var/www/html/my-framework.loc/vendor/wfm/Controller.php | Строка: 29
=================
[2023-04-29 10:26:18] Текст ошибки: Typed property wfm\Controller::$layout must not be accessed before initialization | Файл: /var/www/html/my-framework.loc/vendor/wfm/Controller.php | Строка: 29
=================
[2023-04-29 10:26:32] Текст ошибки: Typed property wfm\Controller::$layout must not be accessed before initialization | Файл: /var/www/html/my-framework.loc/vendor/wfm/Controller.php | Строка: 29
=================
[2023-04-29 10:26:52] Текст ошибки: Typed property wfm\Controller::$view must not be accessed before initialization | Файл: /var/www/html/my-framework.loc/vendor/wfm/Controller.php | Строка: 28
=================
[2023-04-29 10:27:04] Текст ошибки: Typed property wfm\Controller::$view must not be accessed before initialization | Файл: /var/www/html/my-framework.loc/vendor/wfm/Controller.php | Строка: 28
=================
[2023-04-29 10:27:11] Текст ошибки: Typed property wfm\Controller::$view must not be accessed before initialization | Файл: /var/www/html/my-framework.loc/vendor/wfm/Controller.php | Строка: 28
=================
[2023-04-29 10:28:06] Текст ошибки: Typed property wfm\Controller::$view must not be accessed before initialization | Файл: /var/www/html/my-framework.loc/vendor/wfm/Controller.php | Строка: 28
=================
[2023-04-29 10:28:09] Текст ошибки: Typed property wfm\Controller::$view must not be accessed before initialization | Файл: /var/www/html/my-framework.loc/vendor/wfm/Controller.php | Строка: 28
=================
[2023-04-29 10:28:25] Текст ошибки: Typed property wfm\Controller::$view must not be accessed before initialization | Файл: /var/www/html/my-framework.loc/vendor/wfm/Controller.php | Строка: 16
=================
[2023-04-29 10:28:26] Текст ошибки: Typed property wfm\Controller::$view must not be accessed before initialization | Файл: /var/www/html/my-framework.loc/vendor/wfm/Controller.php | Строка: 16
=================
[2023-04-29 10:28:27] Текст ошибки: Typed property wfm\Controller::$view must not be accessed before initialization | Файл: /var/www/html/my-framework.loc/vendor/wfm/Controller.php | Строка: 16
=================
[2023-04-29 10:28:36] Текст ошибки: Typed property wfm\Controller::$view must not be accessed before initialization | Файл: /var/www/html/my-framework.loc/vendor/wfm/Controller.php | Строка: 32
=================
[2023-04-29 10:28:48] Текст ошибки: Typed property wfm\Controller::$view must not be accessed before initialization | Файл: /var/www/html/my-framework.loc/vendor/wfm/Controller.php | Строка: 30
=================
[2023-04-29 10:29:48] Текст ошибки: Typed property wfm\Controller::$view must not be accessed before initialization | Файл: /var/www/html/my-framework.loc/vendor/wfm/Controller.php | Строка: 27
=================
[2023-04-29 10:30:31] Текст ошибки: Typed property wfm\Controller::$view must not be accessed before initialization | Файл: /var/www/html/my-framework.loc/vendor/wfm/Controller.php | Строка: 27
=================
[2023-04-29 10:30:33] Текст ошибки: Typed property wfm\Controller::$view must not be accessed before initialization | Файл: /var/www/html/my-framework.loc/vendor/wfm/Controller.php | Строка: 27
=================
[2023-04-29 10:30:34] Текст ошибки: Typed property wfm\Controller::$view must not be accessed before initialization | Файл: /var/www/html/my-framework.loc/vendor/wfm/Controller.php | Строка: 27
=================
[2023-04-29 10:31:03] Текст ошибки: Typed property wfm\Controller::$view must not be accessed before initialization | Файл: /var/www/html/my-framework.loc/vendor/wfm/Controller.php | Строка: 27
=================
[2023-04-29 10:34:41] Текст ошибки: Typed property wfm\Controller::$view must not be accessed before initialization | Файл: /var/www/html/my-framework.loc/vendor/wfm/Controller.php | Строка: 27
=================
[2023-04-29 10:34:50] Текст ошибки: Typed property wfm\Controller::$view must not be accessed before initialization | Файл: /var/www/html/my-framework.loc/vendor/wfm/Controller.php | Строка: 27
=================
[2023-04-29 10:35:07] Текст ошибки: Typed property wfm\Controller::$view must not be accessed before initialization | Файл: /var/www/html/my-framework.loc/vendor/wfm/Controller.php | Строка: 27
=================
[2023-04-29 10:42:42] Текст ошибки: Typed property wfm\Controller::$layout must not be accessed before initialization | Файл: /var/www/html/my-framework.loc/vendor/wfm/Controller.php | Строка: 28
=================
[2023-04-29 10:42:42] Текст ошибки: Typed property wfm\Controller::$layout must not be accessed before initialization | Файл: /var/www/html/my-framework.loc/vendor/wfm/Controller.php | Строка: 28
=================
[2023-04-29 10:42:43] Текст ошибки: Typed property wfm\Controller::$layout must not be accessed before initialization | Файл: /var/www/html/my-framework.loc/vendor/wfm/Controller.php | Строка: 28
=================
[2023-04-29 10:52:24] Текст ошибки: is_file() expects exactly 1 argument, 0 given | Файл: /var/www/html/my-framework.loc/vendor/wfm/View.php | Строка: 28
=================
[2023-04-29 10:54:09] Текст ошибки: is_file() expects exactly 1 argument, 0 given | Файл: /var/www/html/my-framework.loc/vendor/wfm/View.php | Строка: 28
=================
[2023-04-29 10:54:10] Текст ошибки: is_file() expects exactly 1 argument, 0 given | Файл: /var/www/html/my-framework.loc/vendor/wfm/View.php | Строка: 28
=================
[2023-04-29 10:54:53] Текст ошибки: is_file() expects exactly 1 argument, 0 given | Файл: /var/www/html/my-framework.loc/vendor/wfm/View.php | Строка: 28
=================
[2023-04-29 10:54:54] Текст ошибки: is_file() expects exactly 1 argument, 0 given | Файл: /var/www/html/my-framework.loc/vendor/wfm/View.php | Строка: 28
=================
[2023-04-29 10:57:27] Текст ошибки: is_file() expects exactly 1 argument, 0 given | Файл: /var/www/html/my-framework.loc/vendor/wfm/View.php | Строка: 28
=================
[2023-04-29 10:58:10] Текст ошибки: is_file() expects exactly 1 argument, 0 given | Файл: /var/www/html/my-framework.loc/vendor/wfm/View.php | Строка: 28
=================
[2023-04-29 11:24:08] Текст ошибки: syntax error, unexpected token "}" | Файл: /var/www/html/my-framework.loc/vendor/wfm/View.php | Строка: 32
=================
[2023-04-29 11:30:09] Текст ошибки: Не найден шаблон /var/www/html/my-framework.loc/app/views/layouts/file_storage.php | Файл: /var/www/html/my-framework.loc/vendor/wfm/View.php | Строка: 40
=================
[2023-04-29 11:32:53] Текст ошибки: Не найден шаблон /var/www/html/my-framework.loc/app/views/layouts/file_storage.php | Файл: /var/www/html/my-framework.loc/vendor/wfm/View.php | Строка: 40
=================
[2023-04-29 11:32:54] Текст ошибки: Не найден шаблон /var/www/html/my-framework.loc/app/views/layouts/file_storage.php | Файл: /var/www/html/my-framework.loc/vendor/wfm/View.php | Строка: 40
=================
[2023-04-30 04:24:15] Текст ошибки: Страница не найдена | Файл: /var/www/html/my-framework.loc/vendor/wfm/Router.php | Строка: 57
=================
[2023-04-30 04:24:46] Текст ошибки: Call to undefined method wfm\View::meta() | Файл: /var/www/html/my-framework.loc/app/views/layouts/ishop.php | Строка: 15
=================
[2023-04-30 04:24:47] Текст ошибки: Call to undefined method wfm\View::meta() | Файл: /var/www/html/my-framework.loc/app/views/layouts/ishop.php | Строка: 15
=================
[2023-04-30 04:24:49] Текст ошибки: Call to undefined method wfm\View::meta() | Файл: /var/www/html/my-framework.loc/app/views/layouts/ishop.php | Строка: 15
=================
[2023-04-30 04:35:17] Текст ошибки: Undefined variable $test | Файл: /var/www/html/my-framework.loc/app/views/Main/index.php | Строка: 2
=================
[2023-04-30 04:41:11] Текст ошибки: Undefined variable $test | Файл: /var/www/html/my-framework.loc/app/views/Main/index.php | Строка: 2
=================
[2023-04-30 04:41:31] Текст ошибки: Undefined variable $test | Файл: /var/www/html/my-framework.loc/app/views/Main/index.php | Строка: 2
=================
[2023-04-30 04:42:01] Текст ошибки: Undefined variable $test | Файл: /var/www/html/my-framework.loc/app/views/Main/index.php | Строка: 2
=================
[2023-04-30 04:42:56] Текст ошибки: Undefined variable $test | Файл: /var/www/html/my-framework.loc/app/views/Main/index.php | Строка: 2
=================
[2023-04-30 04:43:57] Текст ошибки: Undefined variable $test | Файл: /var/www/html/my-framework.loc/app/views/Main/index.php | Строка: 2
=================
[2023-04-30 04:47:08] Текст ошибки: Undefined variable $names | Файл: /var/www/html/my-framework.loc/app/views/Main/index.php | Строка: 4
=================
[2023-04-30 04:47:10] Текст ошибки: Undefined variable $names | Файл: /var/www/html/my-framework.loc/app/views/Main/index.php | Строка: 4
=================
[2023-04-30 11:46:28] Текст ошибки: Страница не найдена | Файл: /var/www/html/my-framework.loc/vendor/wfm/Router.php | Строка: 58
=================
[2023-05-01 02:20:37] Текст ошибки: Страница не найдена | Файл: /var/www/html/my-framework.loc/vendor/wfm/Router.php | Строка: 58
=================
